Using pre-set license
Built from '2022.3/staging' branch; Version is '2022.3.10f1 (ff3792e53c62) revision 16725906'; Using compiler version '192829333'; Build Type 'Release'
OS: 'Windows 11  (10.0.22621) 64bit Professional' Language: 'es' Physical Memory: 16236 MB
BatchMode: 1, IsHumanControllingUs: 0, StartBugReporterOnCrash: 0, Is64bit: 1, IsPro: 1

COMMAND LINE ARGUMENTS:
C:\Program Files\Unity\Hub\Editor\2022.3.10f1\Editor\Unity.exe
-adb2
-batchMode
-noUpm
-name
AssetImportWorker0
-projectPath
C:/Users/Usuario/Desktop/zoren_UnityProyects/Proyecto-ARfoundation/AR-Libro
-logFile
Logs/AssetImportWorker0.log
-srvPort
61148
Successfully changed project path to: C:/Users/Usuario/Desktop/zoren_UnityProyects/Proyecto-ARfoundation/AR-Libro
C:/Users/Usuario/Desktop/zoren_UnityProyects/Proyecto-ARfoundation/AR-Libro
[UnityMemory] Configuration Parameters - Can be set up in boot.config
    "memorysetup-bucket-allocator-granularity=16"
    "memorysetup-bucket-allocator-bucket-count=8"
    "memorysetup-bucket-allocator-block-size=33554432"
    "memorysetup-bucket-allocator-block-count=8"
    "memorysetup-main-allocator-block-size=16777216"
    "memorysetup-thread-allocator-block-size=16777216"
    "memorysetup-gfx-main-allocator-block-size=16777216"
    "memorysetup-gfx-thread-allocator-block-size=16777216"
    "memorysetup-cache-allocator-block-size=4194304"
    "memorysetup-typetree-allocator-block-size=2097152"
    "memorysetup-profiler-bucket-allocator-granularity=16"
    "memorysetup-profiler-bucket-allocator-bucket-count=8"
    "memorysetup-profiler-bucket-allocator-block-size=33554432"
    "memorysetup-profiler-bucket-allocator-block-count=8"
    "memorysetup-profiler-allocator-block-size=16777216"
    "memorysetup-profiler-editor-allocator-block-size=1048576"
    "memorysetup-temp-allocator-size-main=16777216"
    "memorysetup-job-temp-allocator-block-size=2097152"
    "memorysetup-job-temp-allocator-block-size-background=1048576"
    "memorysetup-job-temp-allocator-reduction-small-platforms=262144"
    "memorysetup-allocator-temp-initial-block-size-main=262144"
    "memorysetup-allocator-temp-initial-block-size-worker=262144"
    "memorysetup-temp-allocator-size-background-worker=32768"
    "memorysetup-temp-allocator-size-job-worker=262144"
    "memorysetup-temp-allocator-size-preload-manager=33554432"
    "memorysetup-temp-allocator-size-nav-mesh-worker=65536"
    "memorysetup-temp-allocator-size-audio-worker=65536"
    "memorysetup-temp-allocator-size-cloud-worker=32768"
    "memorysetup-temp-allocator-size-gi-baking-worker=262144"
    "memorysetup-temp-allocator-size-gfx=262144"
Player connection [20592] Host "[IP] 172.17.17.57 [Port] 0 [Flags] 2 [Guid] 3543842542 [EditorId] 3543842542 [Version] 1048832 [Id] WindowsEditor(7,DESKTOP-90KC947) [Debug] 1 [PackageName] WindowsEditor [ProjectName] Editor" joined multi-casting on [225.0.0.222:54997]...

Player connection [20592] Host "[IP] 172.17.17.57 [Port] 0 [Flags] 2 [Guid] 3543842542 [EditorId] 3543842542 [Version] 1048832 [Id] WindowsEditor(7,DESKTOP-90KC947) [Debug] 1 [PackageName] WindowsEditor [ProjectName] Editor" joined alternative multi-casting on [225.0.0.222:34997]...

[Physics::Module] Initialized MultithreadedJobDispatcher with 11 workers.
Refreshing native plugins compatible for Editor in 22.28 ms, found 11 plugins.
Preloading 0 native plugins for Editor in 0.00 ms.
Initialize engine version: 2022.3.10f1 (ff3792e53c62)
[Subsystems] Discovering subsystems at path C:/Program Files/Unity/Hub/Editor/2022.3.10f1/Editor/Data/Resources/UnitySubsystems
[Subsystems] Discovering subsystems at path C:/Users/Usuario/Desktop/zoren_UnityProyects/Proyecto-ARfoundation/AR-Libro/Assets
GfxDevice: creating device client; threaded=0; jobified=0
Direct3D:
    Version:  Direct3D 11.0 [level 11.1]
    Renderer: NVIDIA GeForce RTX 3060 Ti (ID=0x2489)
    Vendor:   NVIDIA
    VRAM:     8038 MB
    Driver:   31.0.15.3742
Initialize mono
Mono path[0] = 'C:/Program Files/Unity/Hub/Editor/2022.3.10f1/Editor/Data/Managed'
Mono path[1] = 'C:/Program Files/Unity/Hub/Editor/2022.3.10f1/Editor/Data/MonoBleedingEdge/lib/mono/unityjit-win32'
Mono config path = 'C:/Program Files/Unity/Hub/Editor/2022.3.10f1/Editor/Data/MonoBleedingEdge/etc'
Using monoOptions --debugger-agent=transport=dt_socket,embedding=1,server=y,suspend=n,address=127.0.0.1:56448
Begin MonoManager ReloadAssembly
Registering precompiled unity dll's ...
Register platform support module: C:/Program Files/Unity/Hub/Editor/2022.3.10f1/Editor/Data/PlaybackEngines/WebGLSupport/UnityEditor.WebGL.Extensions.dll
Register platform support module: C:/Program Files/Unity/Hub/Editor/2022.3.10f1/Editor/Data/PlaybackEngines/AndroidPlayer/UnityEditor.Android.Extensions.dll
Register platform support module: C:/Program Files/Unity/Hub/Editor/2022.3.10f1/Editor/Data/PlaybackEngines/WindowsStandaloneSupport/UnityEditor.WindowsStandalone.Extensions.dll
Registered in 0.010338 seconds.
- Loaded All Assemblies, in  0.374 seconds
Native extension for WindowsStandalone target not found
Native extension for Android target not found
Native extension for WebGL target not found
Mono: successfully reloaded assembly
- Finished resetting the current domain, in  0.344 seconds
Domain Reload Profiling: 717ms
	BeginReloadAssembly (102ms)
		ExecutionOrderSort (0ms)
		DisableScriptedObjects (0ms)
		BackupInstance (0ms)
		ReleaseScriptingObjects (0ms)
		CreateAndSetChildDomain (1ms)
	RebuildCommonClasses (34ms)
	RebuildNativeTypeToScriptingClass (11ms)
	initialDomainReloadingComplete (61ms)
	LoadAllAssembliesAndSetupDomain (164ms)
		LoadAssemblies (101ms)
		RebuildTransferFunctionScriptingTraits (0ms)
		AnalyzeDomain (162ms)
			TypeCache.Refresh (160ms)
				TypeCache.ScanAssembly (146ms)
			ScanForSourceGeneratedMonoScriptInfo (0ms)
			ResolveRequiredComponents (0ms)
	FinalizeReload (344ms)
		ReleaseScriptCaches (0ms)
		RebuildScriptCaches (0ms)
		SetupLoadedEditorAssemblies (285ms)
			LogAssemblyErrors (0ms)
			InitializePlatformSupportModulesInManaged (99ms)
			SetLoadedEditorAssemblies (4ms)
			RefreshPlugins (0ms)
			BeforeProcessingInitializeOnLoad (2ms)
			ProcessInitializeOnLoadAttributes (117ms)
			ProcessInitializeOnLoadMethodAttributes (62ms)
			AfterProcessingInitializeOnLoad (0ms)
			EditorAssembliesLoaded (0ms)
		ExecutionOrderSort2 (0ms)
		AwakeInstancesAfterBackupRestoration (0ms)
========================================================================
Worker process is ready to serve import requests
Begin MonoManager ReloadAssembly
- Loaded All Assemblies, in  0.808 seconds
Refreshing native plugins compatible for Editor in 14.76 ms, found 11 plugins.
Native extension for WindowsStandalone target not found
Native extension for Android target not found
Native extension for WebGL target not found
Package Manager log level set to [2]
[Package Manager] Server::EnsureServerProcessIsRunning -- launch failed, reason: Unity was launched with the -noUpm command-line argument
[Package Manager] UpmClient::Send -- Unable to send message (not connected to UPM process).
[Package Manager] Cannot connect to Unity Package Manager local server
[Package Manager] Server::EnsureServerProcessIsRunning -- launch failed, reason: Unity was launched with the -noUpm command-line argument
[Package Manager] UpmClient::Send -- Unable to send message (not connected to UPM process).
[Package Manager] Cannot connect to Unity Package Manager local server
Mono: successfully reloaded assembly
[Package Manager] Server::EnsureServerProcessIsRunning -- launch failed, reason: Unity was launched with the -noUpm command-line argument
[Package Manager] UpmClient::Send -- Unable to send message (not connected to UPM process).
[Package Manager] Cannot connect to Unity Package Manager local server
[Package Manager] Server::EnsureServerProcessIsRunning -- launch failed, reason: Unity was launched with the -noUpm command-line argument
[Package Manager] UpmClient::Send -- Unable to send message (not connected to UPM process).
[Package Manager] Cannot connect to Unity Package Manager local server
- Finished resetting the current domain, in  0.796 seconds
Domain Reload Profiling: 1601ms
	BeginReloadAssembly (156ms)
		ExecutionOrderSort (0ms)
		DisableScriptedObjects (6ms)
		BackupInstance (0ms)
		ReleaseScriptingObjects (0ms)
		CreateAndSetChildDomain (23ms)
	RebuildCommonClasses (36ms)
	RebuildNativeTypeToScriptingClass (11ms)
	initialDomainReloadingComplete (40ms)
	LoadAllAssembliesAndSetupDomain (562ms)
		LoadAssemblies (358ms)
		RebuildTransferFunctionScriptingTraits (0ms)
		AnalyzeDomain (296ms)
			TypeCache.Refresh (260ms)
				TypeCache.ScanAssembly (232ms)
			ScanForSourceGeneratedMonoScriptInfo (25ms)
			ResolveRequiredComponents (9ms)
	FinalizeReload (796ms)
		ReleaseScriptCaches (0ms)
		RebuildScriptCaches (0ms)
		SetupLoadedEditorAssemblies (607ms)
			LogAssemblyErrors (0ms)
			InitializePlatformSupportModulesInManaged (24ms)
			SetLoadedEditorAssemblies (3ms)
			RefreshPlugins (0ms)
			BeforeProcessingInitializeOnLoad (89ms)
			ProcessInitializeOnLoadAttributes (376ms)
			ProcessInitializeOnLoadMethodAttributes (108ms)
			AfterProcessingInitializeOnLoad (6ms)
			EditorAssembliesLoaded (0ms)
		ExecutionOrderSort2 (0ms)
		AwakeInstancesAfterBackupRestoration (6ms)
Launched and connected shader compiler UnityShaderCompiler.exe after 0.04 seconds
Refreshing native plugins compatible for Editor in 15.80 ms, found 11 plugins.
Preloading 0 native plugins for Editor in 0.00 ms.
Unloading 4726 Unused Serialized files (Serialized files now loaded: 0)
Unloading 86 unused Assets / (1.2 MB). Loaded Objects now: 5188.
Memory consumption went from 162.8 MB to 161.6 MB.
Total: 4.810000 ms (FindLiveObjects: 0.360100 ms CreateObjectMapping: 0.307100 ms MarkObjects: 3.243200 ms  DeleteObjects: 0.898600 ms)

AssetImportParameters requested are different than current active one (requested -> active):
  custom:container-demuxer-ogg: 62fdf1f143b41e24485cea50d1cbac27 -> 
  custom:video-codec-MediaFoundation-h265: 746d11721c4dcdbdad8f713fa42b33f4 -> 
  custom:video-decoder-ogg-theora: a1e56fd34408186e4bbccfd4996cb3dc -> 
  custom:framework-win-MediaFoundation: 216162199b28c13a410421893ffa2e32 -> 
  custom:CustomObjectIndexerAttribute: 756ad292c208cfabdd7b50bc23989ffe -> 
  custom:container-demuxer-webm: 4f35f7cbe854078d1ac9338744f61a02 -> 
  custom:container-muxer-webm: aa71ff27fc2769a1b78a27578f13a17b -> 
  custom:video-decoder-webm-vp8: 9c59270c3fd7afecdb556c50c9e8de78 -> 
  custom:SearchIndexIgnoredProperties: e643bd26f0fe6173181afceb89e7c659 -> 
  custom:AudioImporter_EditorPlatform: d09bf68614088b80899f8185d706f6e7 -> 
  custom:video-encoder-webm-vp8: eb34c28f22e8b96e1ab97ce403110664 -> 
  custom:audio-decoder-ogg-vorbis: bf7c407c2cedff20999df2af8eb42d56 -> 
  custom:audio-encoder-webm-vorbis: bf7c407c2cedff20999df2af8eb42d56 -> 
========================================================================
Received Import Request.
  Time since last request: 97061.140307 seconds.
  path: Assets/Imagenes
  artifactKey: Guid(8aab531b66793224dabd7117a2382bb2) Importer(815301076,1909f56bfc062723c751e8b465ee728b)
Start importing Assets/Imagenes using Guid(8aab531b66793224dabd7117a2382bb2) Importer(815301076,1909f56bfc062723c751e8b465ee728b)  -> (artifact id: '5d80c9b958cdb05163410aa07255e30e') in 0.002252 seconds
Number of updated asset objects reloaded before import = 0
Number of asset objects unloaded after import = 0
========================================================================
Received Import Request.
  Time since last request: 12.195539 seconds.
  path: Assets/Imagenes/UI
  artifactKey: Guid(61e19fb333aa0c34e976de5a5589632c) Importer(815301076,1909f56bfc062723c751e8b465ee728b)
Start importing Assets/Imagenes/UI using Guid(61e19fb333aa0c34e976de5a5589632c) Importer(815301076,1909f56bfc062723c751e8b465ee728b)  -> (artifact id: '190d3bb27519fd909159f38aa26e956b') in 0.000759 seconds
Number of updated asset objects reloaded before import = 0
Number of asset objects unloaded after import = 0
========================================================================
Received Import Request.
  Time since last request: 13.811290 seconds.
  path: Assets/Imagenes/Items
  artifactKey: Guid(c6cd4dc77d140fd4c850071a3080eceb) Importer(815301076,1909f56bfc062723c751e8b465ee728b)
Start importing Assets/Imagenes/Items using Guid(c6cd4dc77d140fd4c850071a3080eceb) Importer(815301076,1909f56bfc062723c751e8b465ee728b)  -> (artifact id: '27ff7541033e273d9eec0d244d926d29') in 0.000724 seconds
Number of updated asset objects reloaded before import = 0
Number of asset objects unloaded after import = 0
========================================================================
Received Import Request.
  Time since last request: 9.103711 seconds.
  path: Assets/Sonidos
  artifactKey: Guid(ee87af4aeaa21e240bf92170e03b3180) Importer(815301076,1909f56bfc062723c751e8b465ee728b)
Start importing Assets/Sonidos using Guid(ee87af4aeaa21e240bf92170e03b3180) Importer(815301076,1909f56bfc062723c751e8b465ee728b)  -> (artifact id: '5ad5b9f01c1ebdf78df44ebf7038dd2f') in 0.000506 seconds
Number of updated asset objects reloaded before import = 0
Number of asset objects unloaded after import = 0
========================================================================
Received Import Request.
  Time since last request: 9.189880 seconds.
  path: Assets/Sonidos/Musica
  artifactKey: Guid(97e7688d6828ebb48906d3de42d66f68) Importer(815301076,1909f56bfc062723c751e8b465ee728b)
Start importing Assets/Sonidos/Musica using Guid(97e7688d6828ebb48906d3de42d66f68) Importer(815301076,1909f56bfc062723c751e8b465ee728b)  -> (artifact id: '17ac971d90a430fdf343e093e6796a1b') in 0.000458 seconds
Number of updated asset objects reloaded before import = 0
Number of asset objects unloaded after import = 0
========================================================================
Received Import Request.
  Time since last request: 12.311753 seconds.
  path: Assets/Sonidos/CharacterSFX
  artifactKey: Guid(88d5809ec589d3b4c9287695fc74cfa2) Importer(815301076,1909f56bfc062723c751e8b465ee728b)
Start importing Assets/Sonidos/CharacterSFX using Guid(88d5809ec589d3b4c9287695fc74cfa2) Importer(815301076,1909f56bfc062723c751e8b465ee728b)  -> (artifact id: 'a1bbc42b00c9ee66a9d41b848700a34f') in 0.000609 seconds
Number of updated asset objects reloaded before import = 0
Number of asset objects unloaded after import = 0
========================================================================
Received Import Request.
  Time since last request: 9.275180 seconds.
  path: Assets/Sonidos/UISFX
  artifactKey: Guid(abe181000b923f449b5d6872c77d1f23) Importer(815301076,1909f56bfc062723c751e8b465ee728b)
Start importing Assets/Sonidos/UISFX using Guid(abe181000b923f449b5d6872c77d1f23) Importer(815301076,1909f56bfc062723c751e8b465ee728b)  -> (artifact id: 'ca437c54dd2dacebf9978e863f99ff6b') in 0.000669 seconds
Number of updated asset objects reloaded before import = 0
Number of asset objects unloaded after import = 0
========================================================================
Received Import Request.
  Time since last request: 7.138364 seconds.
  path: Assets/Scenes
  artifactKey: Guid(2a79cc75086df694fa348754d2f7676b) Importer(815301076,1909f56bfc062723c751e8b465ee728b)
Start importing Assets/Scenes using Guid(2a79cc75086df694fa348754d2f7676b) Importer(815301076,1909f56bfc062723c751e8b465ee728b)  -> (artifact id: 'e97f42ed8ca35a0f970756f7202c32d0') in 0.000425 seconds
Number of updated asset objects reloaded before import = 0
Number of asset objects unloaded after import = 0
========================================================================
Received Import Request.
  Time since last request: 7.103233 seconds.
  path: Assets/Scenes/New Folder
  artifactKey: Guid(cc549b54998ea854592c28fdaecad785) Importer(815301076,1909f56bfc062723c751e8b465ee728b)
Start importing Assets/Scenes/New Folder using Guid(cc549b54998ea854592c28fdaecad785) Importer(815301076,1909f56bfc062723c751e8b465ee728b)  -> (artifact id: '6d5c3a6a71ed852b65350d121945e7e0') in 0.000598 seconds
Number of updated asset objects reloaded before import = 0
Number of asset objects unloaded after import = 0
========================================================================
Received Import Request.
  Time since last request: 12.682296 seconds.
  path: Assets/Animaciones
  artifactKey: Guid(8132cb83420298e48ac18cea4c0e03f0) Importer(815301076,1909f56bfc062723c751e8b465ee728b)
Start importing Assets/Animaciones using Guid(8132cb83420298e48ac18cea4c0e03f0) Importer(815301076,1909f56bfc062723c751e8b465ee728b)  -> (artifact id: '3711392c8ad4d49c036bba2df3e67db1') in 0.000617 seconds
Number of updated asset objects reloaded before import = 0
Number of asset objects unloaded after import = 0
========================================================================
Received Import Request.
  Time since last request: 33.277311 seconds.
  path: Assets/Animaciones/Eventos Anim
  artifactKey: Guid(f67c4442d06801b4584cdcd98ef4239b) Importer(815301076,1909f56bfc062723c751e8b465ee728b)
Start importing Assets/Animaciones/Eventos Anim using Guid(f67c4442d06801b4584cdcd98ef4239b) Importer(815301076,1909f56bfc062723c751e8b465ee728b)  -> (artifact id: 'efdd30516790a56745c23c1fe8387480') in 0.000474 seconds
Number of updated asset objects reloaded before import = 0
Number of asset objects unloaded after import = 0
========================================================================
Received Import Request.
  Time since last request: 8.980735 seconds.
  path: Assets/Animaciones/Flora Anim
  artifactKey: Guid(39e566530842fc44589c619440369788) Importer(815301076,1909f56bfc062723c751e8b465ee728b)
Start importing Assets/Animaciones/Flora Anim using Guid(39e566530842fc44589c619440369788) Importer(815301076,1909f56bfc062723c751e8b465ee728b)  -> (artifact id: '6ec4495d75312ec21eee5aa06eeb3c0d') in 0.000638 seconds
Number of updated asset objects reloaded before import = 0
Number of asset objects unloaded after import = 0
========================================================================
Received Import Request.
  Time since last request: 5.026852 seconds.
  path: Assets/Animaciones/NewBehaviourScript.cs
  artifactKey: Guid(6027673cbf602034cbeaa1885ce9cd5b) Importer(815301076,1909f56bfc062723c751e8b465ee728b)
Start importing Assets/Animaciones/NewBehaviourScript.cs using Guid(6027673cbf602034cbeaa1885ce9cd5b) Importer(815301076,1909f56bfc062723c751e8b465ee728b)  -> (artifact id: 'cc2c815f43e0e7790ef0dfd7e223a306') in 0.000608 seconds
Number of updated asset objects reloaded before import = 0
Number of asset objects unloaded after import = 0
========================================================================
Received Import Request.
  Time since last request: 10.722895 seconds.
  path: Assets/Animaciones/Historia Anim
  artifactKey: Guid(d8928bd6ce918ba44be6a93239612693) Importer(815301076,1909f56bfc062723c751e8b465ee728b)
Start importing Assets/Animaciones/Historia Anim using Guid(d8928bd6ce918ba44be6a93239612693) Importer(815301076,1909f56bfc062723c751e8b465ee728b)  -> (artifact id: 'e192cec204bb2b67236300038cbfacbe') in 0.000421 seconds
Number of updated asset objects reloaded before import = 0
Number of asset objects unloaded after import = 0
========================================================================
Received Import Request.
  Time since last request: 10.144983 seconds.
  path: Assets/Animaciones/Arquitectura Anim
  artifactKey: Guid(f0e23bf1d0ce5ac44b45561adfb490c1) Importer(815301076,1909f56bfc062723c751e8b465ee728b)
Start importing Assets/Animaciones/Arquitectura Anim using Guid(f0e23bf1d0ce5ac44b45561adfb490c1) Importer(815301076,1909f56bfc062723c751e8b465ee728b)  -> (artifact id: 'b94e8704300a9dbba7cfbed4910b6be3') in 0.000429 seconds
Number of updated asset objects reloaded before import = 0
Number of asset objects unloaded after import = 0
========================================================================
Received Import Request.
  Time since last request: 10.173820 seconds.
  path: Assets/Animaciones/Fauna Anim
  artifactKey: Guid(d890f6614b54d7e4eb56c7931bf21942) Importer(815301076,1909f56bfc062723c751e8b465ee728b)
Start importing Assets/Animaciones/Fauna Anim using Guid(d890f6614b54d7e4eb56c7931bf21942) Importer(815301076,1909f56bfc062723c751e8b465ee728b)  -> (artifact id: 'e054b560aa8210294aa2f1f0cbfd2370') in 0.000428 seconds
Number of updated asset objects reloaded before import = 0
Number of asset objects unloaded after import = 0
========================================================================
Received Import Request.
  Time since last request: 21.238557 seconds.
  path: Assets/Imagenes/QRs
  artifactKey: Guid(238b830cf734d254fa13fe26c92ee5ee) Importer(815301076,1909f56bfc062723c751e8b465ee728b)
Start importing Assets/Imagenes/QRs using Guid(238b830cf734d254fa13fe26c92ee5ee) Importer(815301076,1909f56bfc062723c751e8b465ee728b)  -> (artifact id: 'd6d902acdbd85ccab666bd682a6c9077') in 0.000622 seconds
Number of updated asset objects reloaded before import = 0
Number of asset objects unloaded after import = 0
========================================================================
Received Import Request.
  Time since last request: 34.307570 seconds.
  path: Assets/Scripts
  artifactKey: Guid(05a19130e0b38f3489bf7a5e3e9181e4) Importer(815301076,1909f56bfc062723c751e8b465ee728b)
Start importing Assets/Scripts using Guid(05a19130e0b38f3489bf7a5e3e9181e4) Importer(815301076,1909f56bfc062723c751e8b465ee728b)  -> (artifact id: '37932545851d5f3d8b51daba85f30529') in 0.000454 seconds
Number of updated asset objects reloaded before import = 0
Number of asset objects unloaded after import = 0
========================================================================
Received Import Request.
  Time since last request: 24.036512 seconds.
  path: Assets/TESTS
  artifactKey: Guid(123bb56a86680194abedebde41995666) Importer(815301076,1909f56bfc062723c751e8b465ee728b)
Start importing Assets/TESTS using Guid(123bb56a86680194abedebde41995666) Importer(815301076,1909f56bfc062723c751e8b465ee728b)  -> (artifact id: 'fd931cda71cfdb31b204a33ffd5ecbc6') in 0.000597 seconds
Number of updated asset objects reloaded before import = 0
Number of asset objects unloaded after import = 0
========================================================================
Received Import Request.
  Time since last request: 13.112791 seconds.
  path: Assets/TESTS/TestLevel
  artifactKey: Guid(51282d0dcf9032e4a90ab41f870086f4) Importer(815301076,1909f56bfc062723c751e8b465ee728b)
Start importing Assets/TESTS/TestLevel using Guid(51282d0dcf9032e4a90ab41f870086f4) Importer(815301076,1909f56bfc062723c751e8b465ee728b)  -> (artifact id: '0b63aad39717ddedcc30336c4dab633a') in 0.000439 seconds
Number of updated asset objects reloaded before import = 0
Number of asset objects unloaded after import = 0
========================================================================
Received Import Request.
  Time since last request: 13.028305 seconds.
  path: Assets/TESTS/TestScript
  artifactKey: Guid(c86841c2dd92ff8488d19c703006eb2b) Importer(815301076,1909f56bfc062723c751e8b465ee728b)
Start importing Assets/TESTS/TestScript using Guid(c86841c2dd92ff8488d19c703006eb2b) Importer(815301076,1909f56bfc062723c751e8b465ee728b)  -> (artifact id: '23a8148995f667ce5a04d7832e6b7c59') in 0.000503 seconds
Number of updated asset objects reloaded before import = 0
Number of asset objects unloaded after import = 0
========================================================================
Received Import Request.
  Time since last request: 61.646956 seconds.
  path: Assets/Objetos
  artifactKey: Guid(6f3c3b85a702e7442900651943d4488b) Importer(815301076,1909f56bfc062723c751e8b465ee728b)
Start importing Assets/Objetos using Guid(6f3c3b85a702e7442900651943d4488b) Importer(815301076,1909f56bfc062723c751e8b465ee728b)  -> (artifact id: '3bbf490b7a7d1aa324c2b03ecf292126') in 0.000629 seconds
Number of updated asset objects reloaded before import = 0
Number of asset objects unloaded after import = 0
========================================================================
Received Import Request.
  Time since last request: 10.054247 seconds.
  path: Assets/Objetos/Objetos-3D
  artifactKey: Guid(d41d7d2304ea70c46bc654f2c761ed01) Importer(815301076,1909f56bfc062723c751e8b465ee728b)
Start importing Assets/Objetos/Objetos-3D using Guid(d41d7d2304ea70c46bc654f2c761ed01) Importer(815301076,1909f56bfc062723c751e8b465ee728b)  -> (artifact id: 'fd36bdd610a064fae81830d5004a03e1') in 0.000693 seconds
Number of updated asset objects reloaded before import = 0
Number of asset objects unloaded after import = 0
========================================================================
Received Import Request.
  Time since last request: 8.012265 seconds.
  path: Assets/Objetos/Objetos-2D
  artifactKey: Guid(3e888098b4ec90f42a1ec21b2fd4d533) Importer(815301076,1909f56bfc062723c751e8b465ee728b)
Start importing Assets/Objetos/Objetos-2D using Guid(3e888098b4ec90f42a1ec21b2fd4d533) Importer(815301076,1909f56bfc062723c751e8b465ee728b)  -> (artifact id: 'ef16942557ee5098346042b25eae4a39') in 0.000633 seconds
Number of updated asset objects reloaded before import = 0
Number of asset objects unloaded after import = 0
========================================================================
Received Import Request.
  Time since last request: 36.786758 seconds.
  path: Assets/Sonidos/Sonidos
  artifactKey: Guid(fc1bd2f682ce68143a8531e960cef00c) Importer(815301076,1909f56bfc062723c751e8b465ee728b)
Start importing Assets/Sonidos/Sonidos using Guid(fc1bd2f682ce68143a8531e960cef00c) Importer(815301076,1909f56bfc062723c751e8b465ee728b)  -> (artifact id: 'ab1697f2e7c61a314be1bc80647b4cf2') in 0.000732 seconds
Number of updated asset objects reloaded before import = 0
Number of asset objects unloaded after import = 0
========================================================================
Received Import Request.
  Time since last request: 36.479609 seconds.
  path: Assets/Sonidos/FaunaSonidos
  artifactKey: Guid(50357a408c1a8df4bbf77973868757c4) Importer(815301076,1909f56bfc062723c751e8b465ee728b)
Start importing Assets/Sonidos/FaunaSonidos using Guid(50357a408c1a8df4bbf77973868757c4) Importer(815301076,1909f56bfc062723c751e8b465ee728b)  -> (artifact id: 'e3603033cd3c9c0ba5f72bc508984db2') in 0.000464 seconds
Number of updated asset objects reloaded before import = 0
Number of asset objects unloaded after import = 0
========================================================================
Received Import Request.
  Time since last request: 7.307680 seconds.
  path: Assets/Sonidos/HistoriaSonidos
  artifactKey: Guid(9d546f303f5afc640880140ea443a61b) Importer(815301076,1909f56bfc062723c751e8b465ee728b)
Start importing Assets/Sonidos/HistoriaSonidos using Guid(9d546f303f5afc640880140ea443a61b) Importer(815301076,1909f56bfc062723c751e8b465ee728b)  -> (artifact id: '01e4b332c6de4db8f98807ae474a07a2') in 0.000719 seconds
Number of updated asset objects reloaded before import = 0
Number of asset objects unloaded after import = 0
========================================================================
Received Import Request.
  Time since last request: 7.831517 seconds.
  path: Assets/Sonidos/New Folder
  artifactKey: Guid(d796afd664eafb64b852db1b09ad681c) Importer(815301076,1909f56bfc062723c751e8b465ee728b)
Start importing Assets/Sonidos/New Folder using Guid(d796afd664eafb64b852db1b09ad681c) Importer(815301076,1909f56bfc062723c751e8b465ee728b)  -> (artifact id: 'df1cc568f9543425e39feed27a7a7f5b') in 0.000475 seconds
Number of updated asset objects reloaded before import = 0
Number of asset objects unloaded after import = 0
========================================================================
Received Import Request.
  Time since last request: 6.914031 seconds.
  path: Assets/Sonidos/EventosSonidos
  artifactKey: Guid(d796afd664eafb64b852db1b09ad681c) Importer(815301076,1909f56bfc062723c751e8b465ee728b)
Start importing Assets/Sonidos/EventosSonidos using Guid(d796afd664eafb64b852db1b09ad681c) Importer(815301076,1909f56bfc062723c751e8b465ee728b)  -> (artifact id: '4655bcb3bf3e4d53edcbf56c1e373657') in 0.000449 seconds
Number of updated asset objects reloaded before import = 0
Number of asset objects unloaded after import = 0
========================================================================
Received Import Request.
  Time since last request: 20.388275 seconds.
  path: Assets/Sonidos/ArquitecturaSonidos
  artifactKey: Guid(cdf57e94373c1424dacca8db8d0f4301) Importer(815301076,1909f56bfc062723c751e8b465ee728b)
Start importing Assets/Sonidos/ArquitecturaSonidos using Guid(cdf57e94373c1424dacca8db8d0f4301) Importer(815301076,1909f56bfc062723c751e8b465ee728b)  -> (artifact id: '5f518a3b261066cd58f48ec9fc7406b8') in 0.000636 seconds
Number of updated asset objects reloaded before import = 0
Number of asset objects unloaded after import = 0
========================================================================
Received Import Request.
  Time since last request: 19.351661 seconds.
  path: Assets/Sonidos/FloraSonidos
  artifactKey: Guid(c4259d7f92dadf4438369f8359b21661) Importer(815301076,1909f56bfc062723c751e8b465ee728b)
Start importing Assets/Sonidos/FloraSonidos using Guid(c4259d7f92dadf4438369f8359b21661) Importer(815301076,1909f56bfc062723c751e8b465ee728b)  -> (artifact id: 'ca1e103969f428dc890c79069cd24948') in 0.000587 seconds
Number of updated asset objects reloaded before import = 0
Number of asset objects unloaded after import = 0
